Build started 2013-1-7 13:22:54.
     1>Project "D:\opensource\rspf\2.0\plugin\registration\registration.vcxproj" on node 4 (Build target(s)).
     1>Link:
         C:\Program Files (x86)\Microsoft Visual Studio 11.0\VC\bin\link.exe /ERRORREPORT:PROMPT /OUT:"D:\opensource\rspf\2.0\project\Release\rspfreg_plugin.dll" /INCREMENTAL:NO /NOLOGO rspf20.lib fftw3.lib kernel32.lib user32.lib gdi32.lib winspool.lib comdlg32.lib advapi32.lib shell32.lib ole32.lib oleaut32.lib uuid.lib odbc32.lib odbccp32.lib /MANIFEST /MANIFESTUAC:"level='asInvoker' uiAccess='false'" /manifest:embed /DEBUG /PDB:"D:\opensource\rspf\2.0\project\Release\rspfreg_plugin.pdb" /SUBSYSTEM:WINDOWS /OPT:REF /OPT:ICF /TLBID:1 /DYNAMICBASE:NO /IMPLIB:"D:\opensource\rspf\2.0\project\Release\rspfreg_plugin.lib" /MACHINE:X86 /SAFESEH /DLL Release\rspfChipMatch.obj
         Release\rspfDensityReducer.obj
         Release\rspfExtremaFilter.obj
         Release\rspfHarrisCorners.obj
         Release\rspfImageCorrelator.obj
         Release\rspfModelOptimizer.obj
         Release\rspfMultiplier.obj
         Release\rspfNCC_FFTW.obj
         Release\rspfOutlierRejection.obj
         Release\rspfRegistrationImageSourceFactory.obj
         Release\rspfRegistrationMiscFactory.obj
         Release\rspfRegistrationPluginInit.obj
         Release\rspfRunningSum.obj
         Release\rspfSquareFunction.obj
         Release\rspfTieGenerator.obj
            Creating library D:\opensource\rspf\2.0\project\Release\rspfreg_plugin.lib and object D:\opensource\rspf\2.0\project\Release\rspfreg_plugin.exp
         registration.vcxproj -> D:\opensource\rspf\2.0\project\Release\rspfreg_plugin.dll
     1>Done Building Project "D:\opensource\rspf\2.0\plugin\registration\registration.vcxproj" (Build target(s)).

Build succeeded.

Time Elapsed 00:00:04.35
