D:\OPENSOURCE\RSPF\2.0\PLUGIN\REGISTRATION\RELEASE\RSPFTIEGENERATOR.OBJ
D:\OPENSOURCE\RSPF\2.0\PLUGIN\REGISTRATION\RELEASE\RSPFSQUAREFUNCTION.OBJ
D:\OPENSOURCE\RSPF\2.0\PLUGIN\REGISTRATION\RELEASE\RSPFRUNNINGSUM.OBJ
D:\OPENSOURCE\RSPF\2.0\PLUGIN\REGISTRATION\RELEASE\RSPFREGISTRATIONPLUGININIT.OBJ
D:\OPENSOURCE\RSPF\2.0\PLUGIN\REGISTRATION\RELEASE\RSPFREGISTRATIONMISCFACTORY.OBJ
D:\OPENSOURCE\RSPF\2.0\PLUGIN\REGISTRATION\RELEASE\RSPFREGISTRATIONIMAGESOURCEFACTORY.OBJ
D:\OPENSOURCE\RSPF\2.0\PLUGIN\REGISTRATION\RELEASE\RSPFOUTLIERREJECTION.OBJ
D:\OPENSOURCE\RSPF\2.0\PLUGIN\REGISTRATION\RELEASE\RSPFNCC_FFTW.OBJ
D:\OPENSOURCE\RSPF\2.0\PLUGIN\REGISTRATION\RELEASE\RSPFMULTIPLIER.OBJ
D:\OPENSOURCE\RSPF\2.0\PLUGIN\REGISTRATION\RELEASE\RSPFMODELOPTIMIZER.OBJ
D:\OPENSOURCE\RSPF\2.0\PLUGIN\REGISTRATION\RELEASE\RSPFIMAGECORRELATOR.OBJ
D:\OPENSOURCE\RSPF\2.0\PLUGIN\REGISTRATION\RELEASE\RSPFHARRISCORNERS.OBJ
D:\OPENSOURCE\RSPF\2.0\PLUGIN\REGISTRATION\RELEASE\RSPFEXTREMAFILTER.OBJ
D:\OPENSOURCE\RSPF\2.0\PLUGIN\REGISTRATION\RELEASE\RSPFDENSITYREDUCER.OBJ
D:\OPENSOURCE\RSPF\2.0\PLUGIN\REGISTRATION\RELEASE\RSPFCHIPMATCH.OBJ
D:\OPENSOURCE\RSPF\2.0\PLUGIN\REGISTRATION\RELEASE\VC110.PDB
D:\opensource\rspf\2.0\plugin\registration\Release\rspfChipMatch.obj
D:\opensource\rspf\2.0\plugin\registration\Release\rspfDensityReducer.obj
D:\opensource\rspf\2.0\plugin\registration\Release\rspfExtremaFilter.obj
D:\opensource\rspf\2.0\plugin\registration\Release\rspfHarrisCorners.obj
D:\opensource\rspf\2.0\plugin\registration\Release\rspfImageCorrelator.obj
D:\opensource\rspf\2.0\plugin\registration\Release\rspfModelOptimizer.obj
D:\opensource\rspf\2.0\plugin\registration\Release\rspfMultiplier.obj
D:\opensource\rspf\2.0\plugin\registration\Release\rspfNCC_FFTW.obj
D:\opensource\rspf\2.0\plugin\registration\Release\rspfOutlierRejection.obj
D:\opensource\rspf\2.0\plugin\registration\Release\rspfRegistrationImageSourceFactory.obj
D:\opensource\rspf\2.0\plugin\registration\Release\rspfRegistrationMiscFactory.obj
D:\opensource\rspf\2.0\plugin\registration\Release\rspfRegistrationPluginInit.obj
D:\opensource\rspf\2.0\plugin\registration\Release\rspfRunningSum.obj
D:\opensource\rspf\2.0\plugin\registration\Release\rspfSquareFunction.obj
D:\opensource\rspf\2.0\plugin\registration\Release\rspfTieGenerator.obj
D:\opensource\rspf\2.0\plugin\registration\Release\cl.command.1.tlog
D:\opensource\rspf\2.0\plugin\registration\Release\CL.read.1.tlog
D:\opensource\rspf\2.0\plugin\registration\Release\CL.write.1.tlog
D:\opensource\rspf\2.0\plugin\registration\Release\link-cvtres.read.1.tlog
D:\opensource\rspf\2.0\plugin\registration\Release\link-cvtres.write.1.tlog
D:\opensource\rspf\2.0\plugin\registration\Release\link-rc.read.1.tlog
D:\opensource\rspf\2.0\plugin\registration\Release\link-rc.write.1.tlog
D:\opensource\rspf\2.0\plugin\registration\Release\link.command.1.tlog
D:\opensource\rspf\2.0\plugin\registration\Release\link.read.1.tlog
D:\opensource\rspf\2.0\plugin\registration\Release\link.write.1.tlog
D:\opensource\rspf\2.0\plugin\registration\Release\rspfreg_plugin.dll.intermediate.manifest
D:\opensource\rspf\2.0\plugin\registration\Release\vc90.idb
D:\opensource\rspf\2.0\plugin\registration\Release\vc110.pdb
D:\opensource\rspf\2.0\plugin\registration\Release\vc90.pdb
D:\opensource\rspf\2.0\project\Release\rspfreg_plugin.pdb
