D:\OPENSOURCE\RSPF\2.0\PLUGIN\OPENCV-RSPF\RELEASE\RSPFOPENCVSMOOTHFILTER.OBJ
D:\OPENSOURCE\RSPF\2.0\PLUGIN\OPENCV-RSPF\RELEASE\RSPFOPENCVPLUGININIT.OBJ
D:\OPENSOURCE\RSPF\2.0\PLUGIN\OPENCV-RSPF\RELEASE\RSPFOPENCVPLUGINFACTORY.OBJ
D:\OPENSOURCE\RSPF\2.0\PLUGIN\OPENCV-RSPF\RELEASE\RSPFOPENCVMSERFEATURES.OBJ
D:\OPENSOURCE\RSPF\2.0\PLUGIN\OPENCV-RSPF\RELEASE\RSPFOPENCVLOGPOLARFILTER.OBJ
D:\OPENSOURCE\RSPF\2.0\PLUGIN\OPENCV-RSPF\RELEASE\RSPFOPENCVLAPLACEFILTER.OBJ
D:\OPENSOURCE\RSPF\2.0\PLUGIN\OPENCV-RSPF\RELEASE\RSPFOPENCVGOODFEATURESTOTRACK.OBJ
D:\OPENSOURCE\RSPF\2.0\PLUGIN\OPENCV-RSPF\RELEASE\RSPFOPENCVERODEFILTER.OBJ
D:\OPENSOURCE\RSPF\2.0\PLUGIN\OPENCV-RSPF\RELEASE\RSPFOPENCVDILATEFILTER.OBJ
D:\OPENSOURCE\RSPF\2.0\PLUGIN\OPENCV-RSPF\RELEASE\RSPFOPENCVCANNYFILTER.OBJ
D:\OPENSOURCE\RSPF\2.0\PLUGIN\OPENCV-RSPF\RELEASE\THRESHOLD.OBJ
D:\OPENSOURCE\RSPF\2.0\PLUGIN\OPENCV-RSPF\RELEASE\SOBEL.OBJ
D:\OPENSOURCE\RSPF\2.0\PLUGIN\OPENCV-RSPF\RELEASE\SMOOTH.OBJ
D:\OPENSOURCE\RSPF\2.0\PLUGIN\OPENCV-RSPF\RELEASE\PYRSEGMENTATION.OBJ
D:\OPENSOURCE\RSPF\2.0\PLUGIN\OPENCV-RSPF\RELEASE\LAPLACE.OBJ
D:\OPENSOURCE\RSPF\2.0\PLUGIN\OPENCV-RSPF\RELEASE\ERODE.OBJ
D:\OPENSOURCE\RSPF\2.0\PLUGIN\OPENCV-RSPF\RELEASE\DILATE.OBJ
D:\OPENSOURCE\RSPF\2.0\PLUGIN\OPENCV-RSPF\RELEASE\CORNERS.OBJ
D:\OPENSOURCE\RSPF\2.0\PLUGIN\OPENCV-RSPF\RELEASE\CANNY.OBJ
D:\OPENSOURCE\RSPF\2.0\PLUGIN\OPENCV-RSPF\RELEASE\RSPFOPENCVTHRESHOLDFILTER.OBJ
D:\OPENSOURCE\RSPF\2.0\PLUGIN\OPENCV-RSPF\RELEASE\RSPFOPENCVSURFFEATURES.OBJ
D:\OPENSOURCE\RSPF\2.0\PLUGIN\OPENCV-RSPF\RELEASE\RSPFOPENCVSTARFEATURES.OBJ
D:\OPENSOURCE\RSPF\2.0\PLUGIN\OPENCV-RSPF\RELEASE\RSPFOPENCVSQUARESFILTER.OBJ
D:\OPENSOURCE\RSPF\2.0\PLUGIN\OPENCV-RSPF\RELEASE\RSPFOPENCVSOBELFILTER.OBJ
D:\OPENSOURCE\RSPF\2.0\PLUGIN\OPENCV-RSPF\RELEASE\RSPFOPENCVPYRSEGMENTATION.OBJ
D:\OPENSOURCE\RSPF\2.0\PLUGIN\OPENCV-RSPF\RELEASE\VC110.PDB
D:\opensource\rspf\2.0\plugin\opencv-rspf\Release\canny.obj
D:\opensource\rspf\2.0\plugin\opencv-rspf\Release\corners.obj
D:\opensource\rspf\2.0\plugin\opencv-rspf\Release\dilate.obj
D:\opensource\rspf\2.0\plugin\opencv-rspf\Release\erode.obj
D:\opensource\rspf\2.0\plugin\opencv-rspf\Release\laplace.obj
D:\opensource\rspf\2.0\plugin\opencv-rspf\Release\pyrsegmentation.obj
D:\opensource\rspf\2.0\plugin\opencv-rspf\Release\rspfOpenCVCannyFilter.obj
D:\opensource\rspf\2.0\plugin\opencv-rspf\Release\rspfOpenCVDilateFilter.obj
D:\opensource\rspf\2.0\plugin\opencv-rspf\Release\rspfOpenCVErodeFilter.obj
D:\opensource\rspf\2.0\plugin\opencv-rspf\Release\rspfOpenCVGoodFeaturesToTrack.obj
D:\opensource\rspf\2.0\plugin\opencv-rspf\Release\rspfOpenCVLaplaceFilter.obj
D:\opensource\rspf\2.0\plugin\opencv-rspf\Release\rspfOpenCVLogPolarFilter.obj
D:\opensource\rspf\2.0\plugin\opencv-rspf\Release\rspfOpenCVMSERFeatures.obj
D:\opensource\rspf\2.0\plugin\opencv-rspf\Release\rspfOpenCVPluginFactory.obj
D:\opensource\rspf\2.0\plugin\opencv-rspf\Release\rspfOpenCVPluginInit.obj
D:\opensource\rspf\2.0\plugin\opencv-rspf\Release\rspfOpenCVPyrSegmentation.obj
D:\opensource\rspf\2.0\plugin\opencv-rspf\Release\rspfOpenCVSmoothFilter.obj
D:\opensource\rspf\2.0\plugin\opencv-rspf\Release\rspfOpenCVSobelFilter.obj
D:\opensource\rspf\2.0\plugin\opencv-rspf\Release\rspfOpenCVSquaresFilter.obj
D:\opensource\rspf\2.0\plugin\opencv-rspf\Release\rspfOpenCVStarFeatures.obj
D:\opensource\rspf\2.0\plugin\opencv-rspf\Release\rspfOpenCVSURFFeatures.obj
D:\opensource\rspf\2.0\plugin\opencv-rspf\Release\rspfOpenCVThresholdFilter.obj
D:\opensource\rspf\2.0\plugin\opencv-rspf\Release\smooth.obj
D:\opensource\rspf\2.0\plugin\opencv-rspf\Release\sobel.obj
D:\opensource\rspf\2.0\plugin\opencv-rspf\Release\threshold.obj
D:\opensource\rspf\2.0\plugin\opencv-rspf\Release\cl.command.1.tlog
D:\opensource\rspf\2.0\plugin\opencv-rspf\Release\CL.read.1.tlog
D:\opensource\rspf\2.0\plugin\opencv-rspf\Release\CL.write.1.tlog
D:\opensource\rspf\2.0\plugin\opencv-rspf\Release\link.command.1.tlog
D:\opensource\rspf\2.0\plugin\opencv-rspf\Release\link.read.1.tlog
D:\opensource\rspf\2.0\plugin\opencv-rspf\Release\link.write.1.tlog
D:\opensource\rspf\2.0\plugin\opencv-rspf\Release\vc110.pdb
