D:\LOONG\PROGRAMS\OPENSOURCE\RSPF_2.0\PLUGIN\GDAL\RSPFGDAL_PLUGIN\RELEASE\RSPFOGRINFO.OBJ
D:\LOONG\PROGRAMS\OPENSOURCE\RSPF_2.0\PLUGIN\GDAL\RSPFGDAL_PLUGIN\RELEASE\RSPFOGRGDALTILESOURCE.OBJ
D:\LOONG\PROGRAMS\OPENSOURCE\RSPF_2.0\PLUGIN\GDAL\RSPFGDAL_PLUGIN\RELEASE\RSPFOGCWKTTRANSLATOR.OBJ
D:\LOONG\PROGRAMS\OPENSOURCE\RSPF_2.0\PLUGIN\GDAL\RSPFGDAL_PLUGIN\RELEASE\RSPFHDFREADER.OBJ
D:\LOONG\PROGRAMS\OPENSOURCE\RSPF_2.0\PLUGIN\GDAL\RSPFGDAL_PLUGIN\RELEASE\RSPFHDFINFO.OBJ
D:\LOONG\PROGRAMS\OPENSOURCE\RSPF_2.0\PLUGIN\GDAL\RSPFGDAL_PLUGIN\RELEASE\RSPFGDALWRITER.OBJ
D:\LOONG\PROGRAMS\OPENSOURCE\RSPF_2.0\PLUGIN\GDAL\RSPFGDAL_PLUGIN\RELEASE\RSPFGDALTYPE.OBJ
D:\LOONG\PROGRAMS\OPENSOURCE\RSPF_2.0\PLUGIN\GDAL\RSPFGDAL_PLUGIN\RELEASE\RSPFGDALTILESOURCE.OBJ
D:\LOONG\PROGRAMS\OPENSOURCE\RSPF_2.0\PLUGIN\GDAL\RSPFGDAL_PLUGIN\RELEASE\RSPFGDALTILEDDATASET.OBJ
D:\LOONG\PROGRAMS\OPENSOURCE\RSPF_2.0\PLUGIN\GDAL\RSPFGDAL_PLUGIN\RELEASE\RSPFGDALPROJECTIONFACTORY.OBJ
D:\LOONG\PROGRAMS\OPENSOURCE\RSPF_2.0\PLUGIN\GDAL\RSPFGDAL_PLUGIN\RELEASE\RSPFGDALPLUGININIT.OBJ
D:\LOONG\PROGRAMS\OPENSOURCE\RSPF_2.0\PLUGIN\GDAL\RSPFGDAL_PLUGIN\RELEASE\RSPFGDALOVERVIEWBUILDERFACTORY.OBJ
D:\LOONG\PROGRAMS\OPENSOURCE\RSPF_2.0\PLUGIN\GDAL\RSPFGDAL_PLUGIN\RELEASE\RSPFGDALOVERVIEWBUILDER.OBJ
D:\LOONG\PROGRAMS\OPENSOURCE\RSPF_2.0\PLUGIN\GDAL\RSPFGDAL_PLUGIN\RELEASE\RSPFGDALOGRVECTORANNOTATION.OBJ
D:\LOONG\PROGRAMS\OPENSOURCE\RSPF_2.0\PLUGIN\GDAL\RSPFGDAL_PLUGIN\RELEASE\RSPFGDALOBJECTFACTORY.OBJ
D:\LOONG\PROGRAMS\OPENSOURCE\RSPF_2.0\PLUGIN\GDAL\RSPFGDAL_PLUGIN\RELEASE\RSPFGDALINFOFACTORY.OBJ
D:\LOONG\PROGRAMS\OPENSOURCE\RSPF_2.0\PLUGIN\GDAL\RSPFGDAL_PLUGIN\RELEASE\RSPFGDALIMAGEWRITERFACTORY.OBJ
D:\LOONG\PROGRAMS\OPENSOURCE\RSPF_2.0\PLUGIN\GDAL\RSPFGDAL_PLUGIN\RELEASE\RSPFGDALFACTORY.OBJ
D:\LOONG\PROGRAMS\OPENSOURCE\RSPF_2.0\PLUGIN\GDAL\RSPFGDAL_PLUGIN\RELEASE\RSPFGDALDATASET.OBJ
D:\LOONG\PROGRAMS\OPENSOURCE\RSPF_2.0\PLUGIN\GDAL\RSPFGDAL_PLUGIN\RELEASE\RSPFESRISHAPEFILEFILTER.OBJ
D:\LOONG\PROGRAMS\OPENSOURCE\RSPF_2.0\PLUGIN\GDAL\RSPFGDAL_PLUGIN\RELEASE\RSPFSHAPEFILE.OBJ
D:\LOONG\PROGRAMS\OPENSOURCE\RSPF_2.0\PLUGIN\GDAL\RSPFGDAL_PLUGIN\RELEASE\RSPFSHAPEDATABASE.OBJ
D:\LOONG\PROGRAMS\OPENSOURCE\RSPF_2.0\PLUGIN\GDAL\RSPFGDAL_PLUGIN\RELEASE\RSPFOGRVECTORTILESOURCE.OBJ
D:\LOONG\PROGRAMS\OPENSOURCE\RSPF_2.0\PLUGIN\GDAL\RSPFGDAL_PLUGIN\RELEASE\VC100.PDB
D:\OPENSOURCE\RSPF\2.0\PLUGIN\GDAL\RSPFGDAL_PLUGIN\RELEASE\RSPFOGRINFO.OBJ
D:\OPENSOURCE\RSPF\2.0\PLUGIN\GDAL\RSPFGDAL_PLUGIN\RELEASE\RSPFOGRGDALTILESOURCE.OBJ
D:\OPENSOURCE\RSPF\2.0\PLUGIN\GDAL\RSPFGDAL_PLUGIN\RELEASE\RSPFOGCWKTTRANSLATOR.OBJ
D:\OPENSOURCE\RSPF\2.0\PLUGIN\GDAL\RSPFGDAL_PLUGIN\RELEASE\RSPFHDFREADER.OBJ
D:\OPENSOURCE\RSPF\2.0\PLUGIN\GDAL\RSPFGDAL_PLUGIN\RELEASE\RSPFHDFINFO.OBJ
D:\OPENSOURCE\RSPF\2.0\PLUGIN\GDAL\RSPFGDAL_PLUGIN\RELEASE\RSPFGDALWRITER.OBJ
D:\OPENSOURCE\RSPF\2.0\PLUGIN\GDAL\RSPFGDAL_PLUGIN\RELEASE\RSPFGDALTYPE.OBJ
D:\OPENSOURCE\RSPF\2.0\PLUGIN\GDAL\RSPFGDAL_PLUGIN\RELEASE\RSPFGDALTILESOURCE.OBJ
D:\OPENSOURCE\RSPF\2.0\PLUGIN\GDAL\RSPFGDAL_PLUGIN\RELEASE\RSPFGDALTILEDDATASET.OBJ
D:\OPENSOURCE\RSPF\2.0\PLUGIN\GDAL\RSPFGDAL_PLUGIN\RELEASE\RSPFGDALPROJECTIONFACTORY.OBJ
D:\OPENSOURCE\RSPF\2.0\PLUGIN\GDAL\RSPFGDAL_PLUGIN\RELEASE\RSPFGDALPLUGININIT.OBJ
D:\OPENSOURCE\RSPF\2.0\PLUGIN\GDAL\RSPFGDAL_PLUGIN\RELEASE\RSPFGDALOVERVIEWBUILDERFACTORY.OBJ
D:\OPENSOURCE\RSPF\2.0\PLUGIN\GDAL\RSPFGDAL_PLUGIN\RELEASE\RSPFGDALOVERVIEWBUILDER.OBJ
D:\OPENSOURCE\RSPF\2.0\PLUGIN\GDAL\RSPFGDAL_PLUGIN\RELEASE\RSPFGDALOGRVECTORANNOTATION.OBJ
D:\OPENSOURCE\RSPF\2.0\PLUGIN\GDAL\RSPFGDAL_PLUGIN\RELEASE\RSPFGDALOBJECTFACTORY.OBJ
D:\OPENSOURCE\RSPF\2.0\PLUGIN\GDAL\RSPFGDAL_PLUGIN\RELEASE\RSPFGDALINFOFACTORY.OBJ
D:\OPENSOURCE\RSPF\2.0\PLUGIN\GDAL\RSPFGDAL_PLUGIN\RELEASE\RSPFGDALIMAGEWRITERFACTORY.OBJ
D:\OPENSOURCE\RSPF\2.0\PLUGIN\GDAL\RSPFGDAL_PLUGIN\RELEASE\RSPFGDALFACTORY.OBJ
D:\OPENSOURCE\RSPF\2.0\PLUGIN\GDAL\RSPFGDAL_PLUGIN\RELEASE\RSPFGDALDATASET.OBJ
D:\OPENSOURCE\RSPF\2.0\PLUGIN\GDAL\RSPFGDAL_PLUGIN\RELEASE\RSPFESRISHAPEFILEFILTER.OBJ
D:\OPENSOURCE\RSPF\2.0\PLUGIN\GDAL\RSPFGDAL_PLUGIN\RELEASE\RSPFSHAPEFILE.OBJ
D:\OPENSOURCE\RSPF\2.0\PLUGIN\GDAL\RSPFGDAL_PLUGIN\RELEASE\RSPFSHAPEDATABASE.OBJ
D:\OPENSOURCE\RSPF\2.0\PLUGIN\GDAL\RSPFGDAL_PLUGIN\RELEASE\RSPFOGRVECTORTILESOURCE.OBJ
D:\OPENSOURCE\RSPF\2.0\PLUGIN\GDAL\RSPFGDAL_PLUGIN\RELEASE\VC110.PDB
D:\LOONG\PROGRAMS\OPENSOURCE\RSPF_2.0\PROJECT\RELEASE\RSPFGDAL_PLUGIN.DLL
D:\LOONG\PROGRAMS\OPENSOURCE\RSPF_2.0\PLUGIN\GDAL\RSPFGDAL_PLUGIN\RELEASE\RSPFGDAL_PLUGIN.DLL.INTERMEDIATE.MANIFEST
D:\LOONG\PROGRAMS\OPENSOURCE\RSPF_2.0\PROJECT\RELEASE\RSPFGDAL_PLUGIN.PDB
D:\Loong\Programs\opensource\rspf_2.0\project\Release\rspfgdal_plugin.lib
D:\Loong\Programs\opensource\rspf_2.0\project\Release\rspfgdal_plugin.exp
D:\opensource\rspf\2.0\plugin\gdal\rspfgdal_plugin\Release\rspfEsriShapeFileFilter.obj
D:\opensource\rspf\2.0\plugin\gdal\rspfgdal_plugin\Release\rspfGdalDataset.obj
D:\opensource\rspf\2.0\plugin\gdal\rspfgdal_plugin\Release\rspfGdalFactory.obj
D:\opensource\rspf\2.0\plugin\gdal\rspfgdal_plugin\Release\rspfGdalImageWriterFactory.obj
D:\opensource\rspf\2.0\plugin\gdal\rspfgdal_plugin\Release\rspfGdalInfoFactory.obj
D:\opensource\rspf\2.0\plugin\gdal\rspfgdal_plugin\Release\rspfGdalObjectFactory.obj
D:\opensource\rspf\2.0\plugin\gdal\rspfgdal_plugin\Release\rspfGdalOgrVectorAnnotation.obj
D:\opensource\rspf\2.0\plugin\gdal\rspfgdal_plugin\Release\rspfGdalOverviewBuilder.obj
D:\opensource\rspf\2.0\plugin\gdal\rspfgdal_plugin\Release\rspfGdalOverviewBuilderFactory.obj
D:\opensource\rspf\2.0\plugin\gdal\rspfgdal_plugin\Release\rspfGdalPluginInit.obj
D:\opensource\rspf\2.0\plugin\gdal\rspfgdal_plugin\Release\rspfGdalProjectionFactory.obj
D:\opensource\rspf\2.0\plugin\gdal\rspfgdal_plugin\Release\rspfGdalTiledDataset.obj
D:\opensource\rspf\2.0\plugin\gdal\rspfgdal_plugin\Release\rspfGdalTileSource.obj
D:\opensource\rspf\2.0\plugin\gdal\rspfgdal_plugin\Release\rspfGdalType.obj
D:\opensource\rspf\2.0\plugin\gdal\rspfgdal_plugin\Release\rspfGdalWriter.obj
D:\opensource\rspf\2.0\plugin\gdal\rspfgdal_plugin\Release\rspfHdfInfo.obj
D:\opensource\rspf\2.0\plugin\gdal\rspfgdal_plugin\Release\rspfHdfReader.obj
D:\opensource\rspf\2.0\plugin\gdal\rspfgdal_plugin\Release\rspfOgcWktTranslator.obj
D:\opensource\rspf\2.0\plugin\gdal\rspfgdal_plugin\Release\rspfOgrGdalTileSource.obj
D:\opensource\rspf\2.0\plugin\gdal\rspfgdal_plugin\Release\rspfOgrInfo.obj
D:\opensource\rspf\2.0\plugin\gdal\rspfgdal_plugin\Release\rspfOgrVectorTileSource.obj
D:\opensource\rspf\2.0\plugin\gdal\rspfgdal_plugin\Release\rspfShapeDatabase.obj
D:\opensource\rspf\2.0\plugin\gdal\rspfgdal_plugin\Release\rspfShapeFile.obj
D:\opensource\rspf\2.0\plugin\gdal\rspfgdal_plugin\Release\cl.command.1.tlog
D:\opensource\rspf\2.0\plugin\gdal\rspfgdal_plugin\Release\CL.read.1.tlog
D:\opensource\rspf\2.0\plugin\gdal\rspfgdal_plugin\Release\CL.write.1.tlog
D:\opensource\rspf\2.0\plugin\gdal\rspfgdal_plugin\Release\link-cvtres.read.1.tlog
D:\opensource\rspf\2.0\plugin\gdal\rspfgdal_plugin\Release\link-cvtres.write.1.tlog
D:\opensource\rspf\2.0\plugin\gdal\rspfgdal_plugin\Release\link-rc.read.1.tlog
D:\opensource\rspf\2.0\plugin\gdal\rspfgdal_plugin\Release\link-rc.write.1.tlog
D:\opensource\rspf\2.0\plugin\gdal\rspfgdal_plugin\Release\link.command.1.tlog
D:\opensource\rspf\2.0\plugin\gdal\rspfgdal_plugin\Release\link.read.1.tlog
D:\opensource\rspf\2.0\plugin\gdal\rspfgdal_plugin\Release\link.write.1.tlog
D:\opensource\rspf\2.0\plugin\gdal\rspfgdal_plugin\Release\mt.command.1.tlog
D:\opensource\rspf\2.0\plugin\gdal\rspfgdal_plugin\Release\mt.read.1.tlog
D:\opensource\rspf\2.0\plugin\gdal\rspfgdal_plugin\Release\mt.write.1.tlog
D:\opensource\rspf\2.0\plugin\gdal\rspfgdal_plugin\Release\rspfgdal_plugin.write.1.tlog
D:\opensource\rspf\2.0\plugin\gdal\rspfgdal_plugin\Release\rspfgdal_plugin.dll.intermediate.manifest
D:\opensource\rspf\2.0\plugin\gdal\rspfgdal_plugin\Release\vc90.idb
D:\opensource\rspf\2.0\plugin\gdal\rspfgdal_plugin\Release\vc100.pdb
D:\opensource\rspf\2.0\plugin\gdal\rspfgdal_plugin\Release\vc110.pdb
D:\opensource\rspf\2.0\plugin\gdal\rspfgdal_plugin\Release\vc90.pdb
D:\opensource\rspf\2.0\project\Release\rspfgdal_plugin.pdb
